<?xml version="1.0" encoding="UTF-8"?>
<!-- Generated by org.testng.reporters.JUnitReportReporter -->
<testsuite skipped="0" hostname="AKAPOOR7450" name="AdminPortal.com.AdminPortal.LoginAdminV2" tests="1" failures="0" timestamp="10 Jul 2017 21:30:25 GMT" time="13.098" errors="0">
  <testcase name="TestLogin" time="13.098" classname="AdminPortal.com.AdminPortal.LoginAdminV2"/>
</testsuite> <!-- AdminPortal.com.AdminPortal.LoginAdminV2 -->
