<?xml version="1.0" encoding="UTF-8"?>
<!-- Generated by org.testng.reporters.JUnitReportReporter -->
<testsuite skipped="0" hostname="NBHAVSAR7470" name="AdminPortal.com.AdminPortal.LoginAdminV2" tests="1" failures="0" timestamp="06 Jul 2017 19:59:41 GMT" time="9.929" errors="0">
  <testcase name="TestLogin" time="9.929" classname="AdminPortal.com.AdminPortal.LoginAdminV2"/>
</testsuite> <!-- AdminPortal.com.AdminPortal.LoginAdminV2 -->
