<?xml version="1.0" encoding="UTF-8"?>
<!-- Generated by org.testng.reporters.JUnitReportReporter -->
<testsuite skipped="0" hostname="NBHAVSAR7470" name="AdminPortal.com.AdminPortal.LoginAdminV2" tests="1" failures="0" timestamp="07 Jul 2017 21:41:38 GMT" time="11.873" errors="0">
  <testcase name="TestLogin" time="11.873" classname="AdminPortal.com.AdminPortal.LoginAdminV2"/>
</testsuite> <!-- AdminPortal.com.AdminPortal.LoginAdminV2 -->
